<?xml version="1.0" encoding="UTF-8"?>
<!-- Generated by org.testng.reporters.JUnitReportReporter -->
<testsuite hostname="vRhythms064" failures="0" tests="5" name="com.noteaffect.tests.NoteAffect.PageObjectModelTC.DashBoardTest" time="55.296" errors="0" timestamp="2025-10-29T12:15:49 IST" skipped="0">
  <testcase classname="com.noteaffect.tests.NoteAffect.PageObjectModelTC.DashBoardTest" name="verifyAdminLoginURL" time="10.240"/>
  <testcase classname="com.noteaffect.tests.NoteAffect.PageObjectModelTC.DashBoardTest" name="verifyAdminLogin" time="11.915"/>
  <testcase classname="com.noteaffect.tests.NoteAffect.PageObjectModelTC.DashBoardTest" name="verifyAllTabsPresent" time="9.988"/>
  <testcase classname="com.noteaffect.tests.NoteAffect.PageObjectModelTC.DashBoardTest" name="verifyPresenterToolsSubTabsPresent" time="10.037"/>
  <testcase classname="com.noteaffect.tests.NoteAffect.PageObjectModelTC.DashBoardTest" name="verifyAdminToolsSubTabsPresent" time="13.116"/>
</testsuite> <!-- com.noteaffect.tests.NoteAffect.PageObjectModelTC.DashBoardTest -->
