<?xml version="1.0" encoding="UTF-8"?>
<!-- Generated by org.testng.reporters.JUnitReportReporter -->
<testsuite hostname="vRhythms064" failures="0" tests="11" name="com.noteaffect.tests.NoteAffect.PageObjectModelTC.TestNoteAffectLogin_03_Prop_Improved_POM" time="82.991" errors="0" timestamp="2025-10-27T16:29:57 IST" skipped="0">
  <testcase classname="com.noteaffect.tests.NoteAffect.PageObjectModelTC.TestNoteAffectLogin_03_Prop_Improved_POM" name="BlankUsernameBlankpasswordTest" time="11.179"/>
  <testcase classname="com.noteaffect.tests.NoteAffect.PageObjectModelTC.TestNoteAffectLogin_03_Prop_Improved_POM" name="testURLValidation" time="3.516"/>
  <testcase classname="com.noteaffect.tests.NoteAffect.PageObjectModelTC.TestNoteAffectLogin_03_Prop_Improved_POM" name="test_negative_noteaffect_login" time="4.732"/>
  <testcase classname="com.noteaffect.tests.NoteAffect.PageObjectModelTC.TestNoteAffectLogin_03_Prop_Improved_POM" name="testPageTitleValidation" time="3.426"/>
  <testcase classname="com.noteaffect.tests.NoteAffect.PageObjectModelTC.TestNoteAffectLogin_03_Prop_Improved_POM" name="InvalidUserNameValidPasswordTest" time="9.306"/>
  <testcase classname="com.noteaffect.tests.NoteAffect.PageObjectModelTC.TestNoteAffectLogin_03_Prop_Improved_POM" name="validUserNameInValidPasswordTest" time="4.699"/>
  <testcase classname="com.noteaffect.tests.NoteAffect.PageObjectModelTC.TestNoteAffectLogin_03_Prop_Improved_POM" name="validUserNameValidPasswordTest" time="13.048"/>
  <testcase classname="com.noteaffect.tests.NoteAffect.PageObjectModelTC.TestNoteAffectLogin_03_Prop_Improved_POM" name="BlankUsernameValidPasswordTest" time="7.356"/>
  <testcase classname="com.noteaffect.tests.NoteAffect.PageObjectModelTC.TestNoteAffectLogin_03_Prop_Improved_POM" name="validUserNameBlankPasswordTest" time="4.333"/>
  <testcase classname="com.noteaffect.tests.NoteAffect.PageObjectModelTC.TestNoteAffectLogin_03_Prop_Improved_POM" name="InvalidUserNameInValidPasswordTest" time="9.522"/>
  <testcase classname="com.noteaffect.tests.NoteAffect.PageObjectModelTC.TestNoteAffectLogin_03_Prop_Improved_POM" name="testLoginPositiveNoteAffect" time="11.874"/>
</testsuite> <!-- com.noteaffect.tests.NoteAffect.PageObjectModelTC.TestNoteAffectLogin_03_Prop_Improved_POM -->
