<?xml version="1.0" encoding="UTF-8"?>
<!-- Generated by org.testng.reporters.JUnitReportReporter -->
<testsuite hostname="vRhythms064" failures="0" tests="11" name="com.noteaffect.tests.NoteAffect.PageObjectModelTC.TestNoteAffectLogin_03_Prop_Improved_POM" time="59.622" errors="0" timestamp="2025-10-16T15:36:16 IST" skipped="0">
  <testcase classname="com.noteaffect.tests.NoteAffect.PageObjectModelTC.TestNoteAffectLogin_03_Prop_Improved_POM" name="validUserNameInValidPasswordTest" time="4.156"/>
  <testcase classname="com.noteaffect.tests.NoteAffect.PageObjectModelTC.TestNoteAffectLogin_03_Prop_Improved_POM" name="testPageTitleValidation" time="3.979"/>
  <testcase classname="com.noteaffect.tests.NoteAffect.PageObjectModelTC.TestNoteAffectLogin_03_Prop_Improved_POM" name="BlankUsernameValidPasswordTest" time="3.475"/>
  <testcase classname="com.noteaffect.tests.NoteAffect.PageObjectModelTC.TestNoteAffectLogin_03_Prop_Improved_POM" name="validUserNameBlankPasswordTest" time="5.262"/>
  <testcase classname="com.noteaffect.tests.NoteAffect.PageObjectModelTC.TestNoteAffectLogin_03_Prop_Improved_POM" name="validUserNameValidPasswordTest" time="12.375"/>
  <testcase classname="com.noteaffect.tests.NoteAffect.PageObjectModelTC.TestNoteAffectLogin_03_Prop_Improved_POM" name="test_negative_noteaffect_login" time="3.829"/>
  <testcase classname="com.noteaffect.tests.NoteAffect.PageObjectModelTC.TestNoteAffectLogin_03_Prop_Improved_POM" name="InvalidUserNameInValidPasswordTest" time="4.526"/>
  <testcase classname="com.noteaffect.tests.NoteAffect.PageObjectModelTC.TestNoteAffectLogin_03_Prop_Improved_POM" name="testLoginPositiveNoteAffect" time="10.685"/>
  <testcase classname="com.noteaffect.tests.NoteAffect.PageObjectModelTC.TestNoteAffectLogin_03_Prop_Improved_POM" name="InvalidUserNameValidPasswordTest" time="4.457"/>
  <testcase classname="com.noteaffect.tests.NoteAffect.PageObjectModelTC.TestNoteAffectLogin_03_Prop_Improved_POM" name="testURLValidation" time="3.489"/>
  <testcase classname="com.noteaffect.tests.NoteAffect.PageObjectModelTC.TestNoteAffectLogin_03_Prop_Improved_POM" name="BlankUsernameBlankpasswordTest" time="3.389"/>
</testsuite> <!-- com.noteaffect.tests.NoteAffect.PageObjectModelTC.TestNoteAffectLogin_03_Prop_Improved_POM -->
