<?xml version="1.0" encoding="UTF-8"?>
<!-- Generated by org.testng.reporters.JUnitReportReporter -->
<testsuite hostname="vRhythms064" failures="0" tests="3" name="com.noteaffect.tests.NoteAffect.PageObjectModelTC.DashBoardTest" time="36.696" errors="0" timestamp="2025-10-27T19:22:34 IST" skipped="0">
  <testcase classname="com.noteaffect.tests.NoteAffect.PageObjectModelTC.DashBoardTest" name="verifyAdminLogin" time="13.058"/>
  <testcase classname="com.noteaffect.tests.NoteAffect.PageObjectModelTC.DashBoardTest" name="verifyllTabsPresent" time="10.546"/>
  <testcase classname="com.noteaffect.tests.NoteAffect.PageObjectModelTC.DashBoardTest" name="verifyAdminLoginURL" time="13.092"/>
</testsuite> <!-- com.noteaffect.tests.NoteAffect.PageObjectModelTC.DashBoardTest -->
