<?xml version="1.0" encoding="UTF-8"?>
<!-- Generated by org.testng.reporters.JUnitReportReporter -->
<testsuite hostname="vRhythms064" failures="0" tests="1" name="com.noteaffect.tests.NoteAffect.PageObjectModelTC.testng_NoteAffect_prop_improved_pom_part3" time="7.590" errors="0" timestamp="2025-10-14T18:11:48 IST" skipped="0">
  <testcase classname="com.noteaffect.tests.NoteAffect.PageObjectModelTC.testng_NoteAffect_prop_improved_pom_part3" name="test_negative_noteaffect_login" time="7.590"/>
</testsuite> <!-- com.noteaffect.tests.NoteAffect.PageObjectModelTC.testng_NoteAffect_prop_improved_pom_part3 -->
