<?xml version="1.0" encoding="UTF-8"?>
<!-- Generated by org.testng.reporters.JUnitReportReporter -->
<testsuite hostname="vRhythms064" failures="0" tests="1" name="com.noteaffect.tests.NoteAffect.PageObjectModelTC.TestNoteAffectLogin_01_Normal_POM" time="9.302" errors="0" timestamp="2025-10-14T18:00:05 IST" skipped="0">
  <testcase classname="com.noteaffect.tests.NoteAffect.PageObjectModelTC.TestNoteAffectLogin_01_Normal_POM" name="test_negative_noteaffect_login" time="9.302"/>
</testsuite> <!-- com.noteaffect.tests.NoteAffect.PageObjectModelTC.TestNoteAffectLogin_01_Normal_POM -->
